[run_sweep_router_v3_breakout] VERSION=2026-02-14-v3-breakout
[INFO] parquet_in=/Users/lolo/PyCharmMiscProject/binance_futures_data_lake/data/research_debug/BTCUSDT/full_201910_202602/joined_full__enriched__router.parquet
[INFO] ts_col=ts
[INFO] date_filter start=2019-10-01 00:00:00+00:00 end=2024-01-01 00:00:00+00:00 rows=2236320
[INFO] sweep configs=64

=== SWEEP RESULTS (sorted by pf, avg_r) ===
                                                      cfg       pf     avg_r  sum_r  n_trades  winrate  trend_d  trend_p  trend_rr  trend_sl_atr  trend_tp_r  trend_time_stop session_name session_hours  minute_guard
C00011_US_15_16_mg10_d0.25_p0.65_rr0.90_sl1.00_tp2.50_t45 0.391061 -0.526570 -109.0       207 0.135266     0.25     0.65       0.9           1.0         2.5               45     US_15_16         15,16            10
C00012_US_15_16_mg10_d0.25_p0.65_rr0.90_sl1.00_tp2.50_t60 0.391061 -0.526570 -109.0       207 0.135266     0.25     0.65       0.9           1.0         2.5               60     US_15_16         15,16            10
C00027_US_15_16_mg10_d0.30_p0.65_rr0.90_sl1.00_tp2.50_t45 0.385906 -0.531977  -91.5       172 0.133721     0.30     0.65       0.9           1.0         2.5               45     US_15_16         15,16            10
C00028_US_15_16_mg10_d0.30_p0.65_rr0.90_sl1.00_tp2.50_t60 0.385906 -0.531977  -91.5       172 0.133721     0.30     0.65       0.9           1.0         2.5               60     US_15_16         15,16            10
C00003_US_15_16_mg10_d0.25_p0.60_rr0.90_sl1.00_tp2.50_t45 0.371795 -0.546875 -122.5       224 0.129464     0.25     0.60       0.9           1.0         2.5               45     US_15_16         15,16            10
C00004_US_15_16_mg10_d0.25_p0.60_rr0.90_sl1.00_tp2.50_t60 0.371795 -0.546875 -122.5       224 0.129464     0.25     0.60       0.9           1.0         2.5               60     US_15_16         15,16            10
C00019_US_15_16_mg10_d0.30_p0.60_rr0.90_sl1.00_tp2.50_t45 0.368098 -0.550802 -103.0       187 0.128342     0.30     0.60       0.9           1.0         2.5               45     US_15_16         15,16            10
C00020_US_15_16_mg10_d0.30_p0.60_rr0.90_sl1.00_tp2.50_t60 0.368098 -0.550802 -103.0       187 0.128342     0.30     0.60       0.9           1.0         2.5               60     US_15_16         15,16            10
C00025_US_15_16_mg10_d0.30_p0.65_rr0.90_sl1.00_tp2.00_t45 0.364865 -0.537143  -94.0       175 0.154286     0.30     0.65       0.9           1.0         2.0               45     US_15_16         15,16            10
C00026_US_15_16_mg10_d0.30_p0.65_rr0.90_sl1.00_tp2.00_t60 0.364865 -0.537143  -94.0       175 0.154286     0.30     0.65       0.9           1.0         2.0               60     US_15_16         15,16            10
C00059_US_15_16_mg15_d0.30_p0.65_rr0.90_sl1.00_tp2.50_t45 0.363248 -0.555970  -74.5       134 0.126866     0.30     0.65       0.9           1.0         2.5               45     US_15_16         15,16            15
C00060_US_15_16_mg15_d0.30_p0.65_rr0.90_sl1.00_tp2.50_t60 0.363248 -0.555970  -74.5       134 0.126866     0.30     0.65       0.9           1.0         2.5               60     US_15_16         15,16            15
C00009_US_15_16_mg10_d0.25_p0.65_rr0.90_sl1.00_tp2.00_t45 0.357542 -0.545024 -115.0       211 0.151659     0.25     0.65       0.9           1.0         2.0               45     US_15_16         15,16            10
C00010_US_15_16_mg10_d0.25_p0.65_rr0.90_sl1.00_tp2.00_t60 0.357542 -0.545024 -115.0       211 0.151659     0.25     0.65       0.9           1.0         2.0               60     US_15_16         15,16            10
C00015_US_15_16_mg10_d0.25_p0.65_rr1.10_sl1.00_tp2.50_t45 0.354478 -0.565359  -86.5       153 0.124183     0.25     0.65       1.1           1.0         2.5               45     US_15_16         15,16            10

[OK] CSV exported: /Users/lolo/PyCharmMiscProject/binance_futures_data_lake/data/research_debug/BTCUSDT/full_201910_202602/breakout_v3_train_sweep.csv

=== DIAGNOSTIC (top configs) ===

[C00011_US_15_16_mg10_d0.25_p0.65_rr0.90_sl1.00_tp2.50_t45]
n_trades=207 avg_r=-0.5266 pf=0.3911 winrate=13.53%
R-dist p10=-1.0000 p50=-1.0000 p90=2.5000
Exits SL=86.47% TP=13.53% FLIP=0.00% TIME=0.00%

[C00012_US_15_16_mg10_d0.25_p0.65_rr0.90_sl1.00_tp2.50_t60]
n_trades=207 avg_r=-0.5266 pf=0.3911 winrate=13.53%
R-dist p10=-1.0000 p50=-1.0000 p90=2.5000
Exits SL=86.47% TP=13.53% FLIP=0.00% TIME=0.00%

[C00027_US_15_16_mg10_d0.30_p0.65_rr0.90_sl1.00_tp2.50_t45]
n_trades=172 avg_r=-0.5320 pf=0.3859 winrate=13.37%
R-dist p10=-1.0000 p50=-1.0000 p90=2.5000
Exits SL=86.63% TP=13.37% FLIP=0.00% TIME=0.00%

[C00028_US_15_16_mg10_d0.30_p0.65_rr0.90_sl1.00_tp2.50_t60]
n_trades=172 avg_r=-0.5320 pf=0.3859 winrate=13.37%
R-dist p10=-1.0000 p50=-1.0000 p90=2.5000
Exits SL=86.63% TP=13.37% FLIP=0.00% TIME=0.00%

[C00003_US_15_16_mg10_d0.25_p0.60_rr0.90_sl1.00_tp2.50_t45]
n_trades=224 avg_r=-0.5469 pf=0.3718 winrate=12.95%
R-dist p10=-1.0000 p50=-1.0000 p90=2.5000
Exits SL=87.05% TP=12.95% FLIP=0.00% TIME=0.00%
