[run_sweep_router_v2] VERSION=2026-02-14-mr-v2
[INFO] parquet_in=/Users/lolo/PyCharmMiscProject/binance_futures_data_lake/data/research_debug/BTCUSDT/full_201910_202602/joined_full__enriched__router.parquet
[INFO] ts_col=ts
[INFO] sweep configs=162

=== SWEEP RESULTS (sorted by pf, avg_r) ===
                                                                                                                              cfg       pf     avg_r       sum_r  n_trades  n_range  n_trend  tp_cp  tp1_fraction  mr_sl_atr  vol_filter_high  mr_time_stop    priority  mr_d  mr_rr  mr_cp_low  mr_cp_high  mr_mean_dist  mr_atr_pctl_max  trend_enabled  trend_d  trend_p  trend_rr session_name     session_hours  minute_guard
C00134_US_15_20_tp20.60_tp1f0.60_sl1.8_high1_t20_d0.40_rr1.10_cp0.20_0.80_md0.20_ap0.90_mg5_tr0_td0.20_tp0.65_trr0.80_TREND_FIRST 0.537008 -0.144124 -489.589605      3397     3397        0    0.6           0.6        1.8             True            20 TREND_FIRST  0.40    1.1        0.2         0.8           0.2              0.9          False      0.2     0.65       0.8     US_15_20 15,16,17,18,19,20             5
C00161_US_15_20_tp20.60_tp1f0.60_sl1.8_high1_t30_d0.40_rr1.10_cp0.20_0.80_md0.20_ap0.90_mg5_tr0_td0.20_tp0.65_trr0.80_TREND_FIRST 0.537008 -0.144124 -489.589605      3397     3397        0    0.6           0.6        1.8             True            30 TREND_FIRST  0.40    1.1        0.2         0.8           0.2              0.9          False      0.2     0.65       0.8     US_15_20 15,16,17,18,19,20             5
C00125_US_15_20_tp20.60_tp1f0.60_sl1.8_high1_t20_d0.35_rr1.10_cp0.20_0.80_md0.20_ap0.90_mg5_tr0_td0.20_tp0.65_trr0.80_TREND_FIRST 0.536381 -0.143132 -559.647068      3910     3910        0    0.6           0.6        1.8             True            20 TREND_FIRST  0.35    1.1        0.2         0.8           0.2              0.9          False      0.2     0.65       0.8     US_15_20 15,16,17,18,19,20             5
C00152_US_15_20_tp20.60_tp1f0.60_sl1.8_high1_t30_d0.35_rr1.10_cp0.20_0.80_md0.20_ap0.90_mg5_tr0_td0.20_tp0.65_trr0.80_TREND_FIRST 0.536381 -0.143132 -559.647068      3910     3910        0    0.6           0.6        1.8             True            30 TREND_FIRST  0.35    1.1        0.2         0.8           0.2              0.9          False      0.2     0.65       0.8     US_15_20 15,16,17,18,19,20             5
C00080_US_15_20_tp20.60_tp1f0.50_sl1.8_high1_t20_d0.40_rr1.10_cp0.20_0.80_md0.20_ap0.90_mg5_tr0_td0.20_tp0.65_trr0.80_TREND_FIRST 0.535476 -0.144389 -490.490533      3397     3397        0    0.6           0.5        1.8             True            20 TREND_FIRST  0.40    1.1        0.2         0.8           0.2              0.9          False      0.2     0.65       0.8     US_15_20 15,16,17,18,19,20             5
C00107_US_15_20_tp20.60_tp1f0.50_sl1.8_high1_t30_d0.40_rr1.10_cp0.20_0.80_md0.20_ap0.90_mg5_tr0_td0.20_tp0.65_trr0.80_TREND_FIRST 0.535476 -0.144389 -490.490533      3397     3397        0    0.6           0.5        1.8             True            30 TREND_FIRST  0.40    1.1        0.2         0.8           0.2              0.9          False      0.2     0.65       0.8     US_15_20 15,16,17,18,19,20             5
C00071_US_15_20_tp20.60_tp1f0.50_sl1.8_high1_t20_d0.35_rr1.10_cp0.20_0.80_md0.20_ap0.90_mg5_tr0_td0.20_tp0.65_trr0.80_TREND_FIRST 0.535060 -0.143324 -560.396870      3910     3910        0    0.6           0.5        1.8             True            20 TREND_FIRST  0.35    1.1        0.2         0.8           0.2              0.9          False      0.2     0.65       0.8     US_15_20 15,16,17,18,19,20             5
C00098_US_15_20_tp20.60_tp1f0.50_sl1.8_high1_t30_d0.35_rr1.10_cp0.20_0.80_md0.20_ap0.90_mg5_tr0_td0.20_tp0.65_trr0.80_TREND_FIRST 0.535060 -0.143324 -560.396870      3910     3910        0    0.6           0.5        1.8             True            30 TREND_FIRST  0.35    1.1        0.2         0.8           0.2              0.9          False      0.2     0.65       0.8     US_15_20 15,16,17,18,19,20             5
C00026_US_15_20_tp20.60_tp1f0.40_sl1.8_high1_t20_d0.40_rr1.10_cp0.20_0.80_md0.20_ap0.90_mg5_tr0_td0.20_tp0.65_trr0.80_TREND_FIRST 0.533939 -0.144655 -491.391461      3397     3397        0    0.6           0.4        1.8             True            20 TREND_FIRST  0.40    1.1        0.2         0.8           0.2              0.9          False      0.2     0.65       0.8     US_15_20 15,16,17,18,19,20             5
C00053_US_15_20_tp20.60_tp1f0.40_sl1.8_high1_t30_d0.40_rr1.10_cp0.20_0.80_md0.20_ap0.90_mg5_tr0_td0.20_tp0.65_trr0.80_TREND_FIRST 0.533939 -0.144655 -491.391461      3397     3397        0    0.6           0.4        1.8             True            30 TREND_FIRST  0.40    1.1        0.2         0.8           0.2              0.9          False      0.2     0.65       0.8     US_15_20 15,16,17,18,19,20             5
C00017_US_15_20_tp20.60_tp1f0.40_sl1.8_high1_t20_d0.35_rr1.10_cp0.20_0.80_md0.20_ap0.90_mg5_tr0_td0.20_tp0.65_trr0.80_TREND_FIRST 0.533734 -0.143516 -561.146671      3910     3910        0    0.6           0.4        1.8             True            20 TREND_FIRST  0.35    1.1        0.2         0.8           0.2              0.9          False      0.2     0.65       0.8     US_15_20 15,16,17,18,19,20             5
C00044_US_15_20_tp20.60_tp1f0.40_sl1.8_high1_t30_d0.35_rr1.10_cp0.20_0.80_md0.20_ap0.90_mg5_tr0_td0.20_tp0.65_trr0.80_TREND_FIRST 0.533734 -0.143516 -561.146671      3910     3910        0    0.6           0.4        1.8             True            30 TREND_FIRST  0.35    1.1        0.2         0.8           0.2              0.9          False      0.2     0.65       0.8     US_15_20 15,16,17,18,19,20             5
C00130_US_15_20_tp20.60_tp1f0.60_sl1.8_high1_t20_d0.40_rr1.00_cp0.20_0.80_md0.20_ap0.90_mg0_tr0_td0.20_tp0.65_trr0.80_TREND_FIRST 0.533495 -0.147035 -708.709033      4820     4820        0    0.6           0.6        1.8             True            20 TREND_FIRST  0.40    1.0        0.2         0.8           0.2              0.9          False      0.2     0.65       0.8     US_15_20 15,16,17,18,19,20             0
C00157_US_15_20_tp20.60_tp1f0.60_sl1.8_high1_t30_d0.40_rr1.00_cp0.20_0.80_md0.20_ap0.90_mg0_tr0_td0.20_tp0.65_trr0.80_TREND_FIRST 0.533495 -0.147035 -708.709033      4820     4820        0    0.6           0.6        1.8             True            30 TREND_FIRST  0.40    1.0        0.2         0.8           0.2              0.9          False      0.2     0.65       0.8     US_15_20 15,16,17,18,19,20             0
C00131_US_15_20_tp20.60_tp1f0.60_sl1.8_high1_t20_d0.40_rr1.00_cp0.20_0.80_md0.20_ap0.90_mg5_tr0_td0.20_tp0.65_trr0.80_TREND_FIRST 0.532075 -0.144575 -564.131119      3902     3902        0    0.6           0.6        1.8             True            20 TREND_FIRST  0.40    1.0        0.2         0.8           0.2              0.9          False      0.2     0.65       0.8     US_15_20 15,16,17,18,19,20             5

=== SWEEP RESULTS (n_range > 0) ===
                                                                                                                              cfg       pf     avg_r       sum_r  n_trades  n_range  n_trend  tp_cp  tp1_fraction  mr_sl_atr  vol_filter_high  mr_time_stop    priority  mr_d  mr_rr  mr_cp_low  mr_cp_high  mr_mean_dist  mr_atr_pctl_max  trend_enabled  trend_d  trend_p  trend_rr session_name     session_hours  minute_guard
C00134_US_15_20_tp20.60_tp1f0.60_sl1.8_high1_t20_d0.40_rr1.10_cp0.20_0.80_md0.20_ap0.90_mg5_tr0_td0.20_tp0.65_trr0.80_TREND_FIRST 0.537008 -0.144124 -489.589605      3397     3397        0    0.6           0.6        1.8             True            20 TREND_FIRST  0.40    1.1        0.2         0.8           0.2              0.9          False      0.2     0.65       0.8     US_15_20 15,16,17,18,19,20             5
C00161_US_15_20_tp20.60_tp1f0.60_sl1.8_high1_t30_d0.40_rr1.10_cp0.20_0.80_md0.20_ap0.90_mg5_tr0_td0.20_tp0.65_trr0.80_TREND_FIRST 0.537008 -0.144124 -489.589605      3397     3397        0    0.6           0.6        1.8             True            30 TREND_FIRST  0.40    1.1        0.2         0.8           0.2              0.9          False      0.2     0.65       0.8     US_15_20 15,16,17,18,19,20             5
C00125_US_15_20_tp20.60_tp1f0.60_sl1.8_high1_t20_d0.35_rr1.10_cp0.20_0.80_md0.20_ap0.90_mg5_tr0_td0.20_tp0.65_trr0.80_TREND_FIRST 0.536381 -0.143132 -559.647068      3910     3910        0    0.6           0.6        1.8             True            20 TREND_FIRST  0.35    1.1        0.2         0.8           0.2              0.9          False      0.2     0.65       0.8     US_15_20 15,16,17,18,19,20             5
C00152_US_15_20_tp20.60_tp1f0.60_sl1.8_high1_t30_d0.35_rr1.10_cp0.20_0.80_md0.20_ap0.90_mg5_tr0_td0.20_tp0.65_trr0.80_TREND_FIRST 0.536381 -0.143132 -559.647068      3910     3910        0    0.6           0.6        1.8             True            30 TREND_FIRST  0.35    1.1        0.2         0.8           0.2              0.9          False      0.2     0.65       0.8     US_15_20 15,16,17,18,19,20             5
C00080_US_15_20_tp20.60_tp1f0.50_sl1.8_high1_t20_d0.40_rr1.10_cp0.20_0.80_md0.20_ap0.90_mg5_tr0_td0.20_tp0.65_trr0.80_TREND_FIRST 0.535476 -0.144389 -490.490533      3397     3397        0    0.6           0.5        1.8             True            20 TREND_FIRST  0.40    1.1        0.2         0.8           0.2              0.9          False      0.2     0.65       0.8     US_15_20 15,16,17,18,19,20             5
C00107_US_15_20_tp20.60_tp1f0.50_sl1.8_high1_t30_d0.40_rr1.10_cp0.20_0.80_md0.20_ap0.90_mg5_tr0_td0.20_tp0.65_trr0.80_TREND_FIRST 0.535476 -0.144389 -490.490533      3397     3397        0    0.6           0.5        1.8             True            30 TREND_FIRST  0.40    1.1        0.2         0.8           0.2              0.9          False      0.2     0.65       0.8     US_15_20 15,16,17,18,19,20             5
C00071_US_15_20_tp20.60_tp1f0.50_sl1.8_high1_t20_d0.35_rr1.10_cp0.20_0.80_md0.20_ap0.90_mg5_tr0_td0.20_tp0.65_trr0.80_TREND_FIRST 0.535060 -0.143324 -560.396870      3910     3910        0    0.6           0.5        1.8             True            20 TREND_FIRST  0.35    1.1        0.2         0.8           0.2              0.9          False      0.2     0.65       0.8     US_15_20 15,16,17,18,19,20             5
C00098_US_15_20_tp20.60_tp1f0.50_sl1.8_high1_t30_d0.35_rr1.10_cp0.20_0.80_md0.20_ap0.90_mg5_tr0_td0.20_tp0.65_trr0.80_TREND_FIRST 0.535060 -0.143324 -560.396870      3910     3910        0    0.6           0.5        1.8             True            30 TREND_FIRST  0.35    1.1        0.2         0.8           0.2              0.9          False      0.2     0.65       0.8     US_15_20 15,16,17,18,19,20             5
C00026_US_15_20_tp20.60_tp1f0.40_sl1.8_high1_t20_d0.40_rr1.10_cp0.20_0.80_md0.20_ap0.90_mg5_tr0_td0.20_tp0.65_trr0.80_TREND_FIRST 0.533939 -0.144655 -491.391461      3397     3397        0    0.6           0.4        1.8             True            20 TREND_FIRST  0.40    1.1        0.2         0.8           0.2              0.9          False      0.2     0.65       0.8     US_15_20 15,16,17,18,19,20             5
C00053_US_15_20_tp20.60_tp1f0.40_sl1.8_high1_t30_d0.40_rr1.10_cp0.20_0.80_md0.20_ap0.90_mg5_tr0_td0.20_tp0.65_trr0.80_TREND_FIRST 0.533939 -0.144655 -491.391461      3397     3397        0    0.6           0.4        1.8             True            30 TREND_FIRST  0.40    1.1        0.2         0.8           0.2              0.9          False      0.2     0.65       0.8     US_15_20 15,16,17,18,19,20             5
C00017_US_15_20_tp20.60_tp1f0.40_sl1.8_high1_t20_d0.35_rr1.10_cp0.20_0.80_md0.20_ap0.90_mg5_tr0_td0.20_tp0.65_trr0.80_TREND_FIRST 0.533734 -0.143516 -561.146671      3910     3910        0    0.6           0.4        1.8             True            20 TREND_FIRST  0.35    1.1        0.2         0.8           0.2              0.9          False      0.2     0.65       0.8     US_15_20 15,16,17,18,19,20             5
C00044_US_15_20_tp20.60_tp1f0.40_sl1.8_high1_t30_d0.35_rr1.10_cp0.20_0.80_md0.20_ap0.90_mg5_tr0_td0.20_tp0.65_trr0.80_TREND_FIRST 0.533734 -0.143516 -561.146671      3910     3910        0    0.6           0.4        1.8             True            30 TREND_FIRST  0.35    1.1        0.2         0.8           0.2              0.9          False      0.2     0.65       0.8     US_15_20 15,16,17,18,19,20             5
C00130_US_15_20_tp20.60_tp1f0.60_sl1.8_high1_t20_d0.40_rr1.00_cp0.20_0.80_md0.20_ap0.90_mg0_tr0_td0.20_tp0.65_trr0.80_TREND_FIRST 0.533495 -0.147035 -708.709033      4820     4820        0    0.6           0.6        1.8             True            20 TREND_FIRST  0.40    1.0        0.2         0.8           0.2              0.9          False      0.2     0.65       0.8     US_15_20 15,16,17,18,19,20             0
C00157_US_15_20_tp20.60_tp1f0.60_sl1.8_high1_t30_d0.40_rr1.00_cp0.20_0.80_md0.20_ap0.90_mg0_tr0_td0.20_tp0.65_trr0.80_TREND_FIRST 0.533495 -0.147035 -708.709033      4820     4820        0    0.6           0.6        1.8             True            30 TREND_FIRST  0.40    1.0        0.2         0.8           0.2              0.9          False      0.2     0.65       0.8     US_15_20 15,16,17,18,19,20             0
C00131_US_15_20_tp20.60_tp1f0.60_sl1.8_high1_t20_d0.40_rr1.00_cp0.20_0.80_md0.20_ap0.90_mg5_tr0_td0.20_tp0.65_trr0.80_TREND_FIRST 0.532075 -0.144575 -564.131119      3902     3902        0    0.6           0.6        1.8             True            20 TREND_FIRST  0.40    1.0        0.2         0.8           0.2              0.9          False      0.2     0.65       0.8     US_15_20 15,16,17,18,19,20             5

[OK] CSV exported: /Users/lolo/PyCharmMiscProject/binance_futures_data_lake/data/research_debug/BTCUSDT/full_201910_202602/full_history_sweep.csv

=== DIAGNOSTIC (top configs) ===

[C00134_US_15_20_tp20.60_tp1f0.60_sl1.8_high1_t20_d0.40_rr1.10_cp0.20_0.80_md0.20_ap0.90_mg5_tr0_td0.20_tp0.65_trr0.80_TREND_FIRST]
n_trades=3397 n_range=3397 n_trend=0 avg_r=-0.1441 pf=0.5370
TREND(avg_r=0.0000, pf=0.0000) | RANGE(avg_r=-0.1441, pf=0.5370)
R-dist p10=-1.0000 p50=0.0000 p90=0.5802
MR exits SL=35.91% TP=58.14% FLIP=5.95% TIME=0.00%

[C00161_US_15_20_tp20.60_tp1f0.60_sl1.8_high1_t30_d0.40_rr1.10_cp0.20_0.80_md0.20_ap0.90_mg5_tr0_td0.20_tp0.65_trr0.80_TREND_FIRST]
n_trades=3397 n_range=3397 n_trend=0 avg_r=-0.1441 pf=0.5370
TREND(avg_r=0.0000, pf=0.0000) | RANGE(avg_r=-0.1441, pf=0.5370)
R-dist p10=-1.0000 p50=0.0000 p90=0.5802
MR exits SL=35.91% TP=58.14% FLIP=5.95% TIME=0.00%

[C00125_US_15_20_tp20.60_tp1f0.60_sl1.8_high1_t20_d0.35_rr1.10_cp0.20_0.80_md0.20_ap0.90_mg5_tr0_td0.20_tp0.65_trr0.80_TREND_FIRST]
n_trades=3910 n_range=3910 n_trend=0 avg_r=-0.1431 pf=0.5364
TREND(avg_r=0.0000, pf=0.0000) | RANGE(avg_r=-0.1431, pf=0.5364)
R-dist p10=-1.0000 p50=0.0000 p90=0.5843
MR exits SL=35.93% TP=58.21% FLIP=5.86% TIME=0.00%

[C00152_US_15_20_tp20.60_tp1f0.60_sl1.8_high1_t30_d0.35_rr1.10_cp0.20_0.80_md0.20_ap0.90_mg5_tr0_td0.20_tp0.65_trr0.80_TREND_FIRST]
n_trades=3910 n_range=3910 n_trend=0 avg_r=-0.1431 pf=0.5364
TREND(avg_r=0.0000, pf=0.0000) | RANGE(avg_r=-0.1431, pf=0.5364)
R-dist p10=-1.0000 p50=0.0000 p90=0.5843
MR exits SL=35.93% TP=58.21% FLIP=5.86% TIME=0.00%

[C00080_US_15_20_tp20.60_tp1f0.50_sl1.8_high1_t20_d0.40_rr1.10_cp0.20_0.80_md0.20_ap0.90_mg5_tr0_td0.20_tp0.65_trr0.80_TREND_FIRST]
n_trades=3397 n_range=3397 n_trend=0 avg_r=-0.1444 pf=0.5355
TREND(avg_r=0.0000, pf=0.0000) | RANGE(avg_r=-0.1444, pf=0.5355)
R-dist p10=-1.0000 p50=0.0000 p90=0.5719
MR exits SL=35.91% TP=58.14% FLIP=5.95% TIME=0.00%
