[run_sweep_router_v2] VERSION=2026-02-14-mr-v2
[INFO] parquet_in=/Users/lolo/PyCharmMiscProject/binance_futures_data_lake/data/research_debug/BTCUSDT/full_201910_202602/joined_full__enriched__router.parquet
[INFO] ts_col=ts
[INFO] date_filter start=2019-10-01 00:00:00+00:00 end=2024-01-01 00:00:00+00:00 rows=2236320
[INFO] mode=mr-v3-experiment
[INFO] sweep configs=8

=== SWEEP RESULTS (sorted by pf, avg_r) ===
                                                                                                                                                cfg  mr_tp1_cp  mr_be_offset_r       pf     avg_r     sum_r  n_trades  n_range  n_trend  tp_cp  tp1_fraction  mr_sl_atr  vol_filter_high  mr_time_stop    priority  mr_d  mr_rr  mr_cp_low  mr_cp_high  mr_mean_dist  mr_atr_pctl_max  trend_enabled  trend_d  trend_p  trend_rr session_name session_hours  minute_guard
C00008_US_15_16_tp20.60_tp1f0.50_sl1.8_high1_t20_d0.50_rr1.20_cp0.20_0.80_md0.20_ap0.90_mg15_tp1cp0.45_be0.20_tr0_td0.20_tp0.65_trr0.80_TREND_FIRST       0.45             0.2 0.929841 -0.020197 -4.059669       201      201        0   0.60           0.5        1.8             True            20 TREND_FIRST  0.50    1.2        0.2         0.8           0.2              0.9          False      0.2     0.65       0.8     US_15_16         15,16            15
C00004_US_15_16_tp20.58_tp1f0.50_sl1.8_high1_t20_d0.50_rr1.20_cp0.20_0.80_md0.20_ap0.90_mg15_tp1cp0.45_be0.20_tr0_td0.20_tp0.65_trr0.80_TREND_FIRST       0.45             0.2 0.922928 -0.022187 -4.459669       201      201        0   0.58           0.5        1.8             True            20 TREND_FIRST  0.50    1.2        0.2         0.8           0.2              0.9          False      0.2     0.65       0.8     US_15_16         15,16            15
C00007_US_15_16_tp20.60_tp1f0.50_sl1.8_high1_t20_d0.50_rr1.20_cp0.20_0.80_md0.20_ap0.90_mg15_tp1cp0.45_be0.10_tr0_td0.20_tp0.65_trr0.80_TREND_FIRST       0.45             0.1 0.908476 -0.026416 -5.309669       201      201        0   0.60           0.5        1.8             True            20 TREND_FIRST  0.50    1.2        0.2         0.8           0.2              0.9          False      0.2     0.65       0.8     US_15_16         15,16            15
C00003_US_15_16_tp20.58_tp1f0.50_sl1.8_high1_t20_d0.50_rr1.20_cp0.20_0.80_md0.20_ap0.90_mg15_tp1cp0.45_be0.10_tr0_td0.20_tp0.65_trr0.80_TREND_FIRST       0.45             0.1 0.905028 -0.027411 -5.509669       201      201        0   0.58           0.5        1.8             True            20 TREND_FIRST  0.50    1.2        0.2         0.8           0.2              0.9          False      0.2     0.65       0.8     US_15_16         15,16            15
C00006_US_15_16_tp20.60_tp1f0.50_sl1.8_high1_t20_d0.45_rr1.20_cp0.20_0.80_md0.20_ap0.90_mg15_tp1cp0.45_be0.20_tr0_td0.20_tp0.65_trr0.80_TREND_FIRST       0.45             0.2 0.894462 -0.030121 -7.379714       245      245        0   0.60           0.5        1.8             True            20 TREND_FIRST  0.45    1.2        0.2         0.8           0.2              0.9          False      0.2     0.65       0.8     US_15_16         15,16            15
C00002_US_15_16_tp20.58_tp1f0.50_sl1.8_high1_t20_d0.45_rr1.20_cp0.20_0.80_md0.20_ap0.90_mg15_tp1cp0.45_be0.20_tr0_td0.20_tp0.65_trr0.80_TREND_FIRST       0.45             0.2 0.888741 -0.031754 -7.779714       245      245        0   0.58           0.5        1.8             True            20 TREND_FIRST  0.45    1.2        0.2         0.8           0.2              0.9          False      0.2     0.65       0.8     US_15_16         15,16            15
C00005_US_15_16_tp20.60_tp1f0.50_sl1.8_high1_t20_d0.45_rr1.20_cp0.20_0.80_md0.20_ap0.90_mg15_tp1cp0.45_be0.10_tr0_td0.20_tp0.65_trr0.80_TREND_FIRST       0.45             0.1 0.876136 -0.035427 -8.679714       245      245        0   0.60           0.5        1.8             True            20 TREND_FIRST  0.45    1.2        0.2         0.8           0.2              0.9          False      0.2     0.65       0.8     US_15_16         15,16            15
C00001_US_15_16_tp20.58_tp1f0.50_sl1.8_high1_t20_d0.45_rr1.20_cp0.20_0.80_md0.20_ap0.90_mg15_tp1cp0.45_be0.10_tr0_td0.20_tp0.65_trr0.80_TREND_FIRST       0.45             0.1 0.873282 -0.036244 -8.879714       245      245        0   0.58           0.5        1.8             True            20 TREND_FIRST  0.45    1.2        0.2         0.8           0.2              0.9          False      0.2     0.65       0.8     US_15_16         15,16            15

=== SWEEP RESULTS (n_range > 0) ===
                                                                                                                                                cfg  mr_tp1_cp  mr_be_offset_r       pf     avg_r     sum_r  n_trades  n_range  n_trend  tp_cp  tp1_fraction  mr_sl_atr  vol_filter_high  mr_time_stop    priority  mr_d  mr_rr  mr_cp_low  mr_cp_high  mr_mean_dist  mr_atr_pctl_max  trend_enabled  trend_d  trend_p  trend_rr session_name session_hours  minute_guard
C00008_US_15_16_tp20.60_tp1f0.50_sl1.8_high1_t20_d0.50_rr1.20_cp0.20_0.80_md0.20_ap0.90_mg15_tp1cp0.45_be0.20_tr0_td0.20_tp0.65_trr0.80_TREND_FIRST       0.45             0.2 0.929841 -0.020197 -4.059669       201      201        0   0.60           0.5        1.8             True            20 TREND_FIRST  0.50    1.2        0.2         0.8           0.2              0.9          False      0.2     0.65       0.8     US_15_16         15,16            15
C00004_US_15_16_tp20.58_tp1f0.50_sl1.8_high1_t20_d0.50_rr1.20_cp0.20_0.80_md0.20_ap0.90_mg15_tp1cp0.45_be0.20_tr0_td0.20_tp0.65_trr0.80_TREND_FIRST       0.45             0.2 0.922928 -0.022187 -4.459669       201      201        0   0.58           0.5        1.8             True            20 TREND_FIRST  0.50    1.2        0.2         0.8           0.2              0.9          False      0.2     0.65       0.8     US_15_16         15,16            15
C00007_US_15_16_tp20.60_tp1f0.50_sl1.8_high1_t20_d0.50_rr1.20_cp0.20_0.80_md0.20_ap0.90_mg15_tp1cp0.45_be0.10_tr0_td0.20_tp0.65_trr0.80_TREND_FIRST       0.45             0.1 0.908476 -0.026416 -5.309669       201      201        0   0.60           0.5        1.8             True            20 TREND_FIRST  0.50    1.2        0.2         0.8           0.2              0.9          False      0.2     0.65       0.8     US_15_16         15,16            15
C00003_US_15_16_tp20.58_tp1f0.50_sl1.8_high1_t20_d0.50_rr1.20_cp0.20_0.80_md0.20_ap0.90_mg15_tp1cp0.45_be0.10_tr0_td0.20_tp0.65_trr0.80_TREND_FIRST       0.45             0.1 0.905028 -0.027411 -5.509669       201      201        0   0.58           0.5        1.8             True            20 TREND_FIRST  0.50    1.2        0.2         0.8           0.2              0.9          False      0.2     0.65       0.8     US_15_16         15,16            15
C00006_US_15_16_tp20.60_tp1f0.50_sl1.8_high1_t20_d0.45_rr1.20_cp0.20_0.80_md0.20_ap0.90_mg15_tp1cp0.45_be0.20_tr0_td0.20_tp0.65_trr0.80_TREND_FIRST       0.45             0.2 0.894462 -0.030121 -7.379714       245      245        0   0.60           0.5        1.8             True            20 TREND_FIRST  0.45    1.2        0.2         0.8           0.2              0.9          False      0.2     0.65       0.8     US_15_16         15,16            15
C00002_US_15_16_tp20.58_tp1f0.50_sl1.8_high1_t20_d0.45_rr1.20_cp0.20_0.80_md0.20_ap0.90_mg15_tp1cp0.45_be0.20_tr0_td0.20_tp0.65_trr0.80_TREND_FIRST       0.45             0.2 0.888741 -0.031754 -7.779714       245      245        0   0.58           0.5        1.8             True            20 TREND_FIRST  0.45    1.2        0.2         0.8           0.2              0.9          False      0.2     0.65       0.8     US_15_16         15,16            15
C00005_US_15_16_tp20.60_tp1f0.50_sl1.8_high1_t20_d0.45_rr1.20_cp0.20_0.80_md0.20_ap0.90_mg15_tp1cp0.45_be0.10_tr0_td0.20_tp0.65_trr0.80_TREND_FIRST       0.45             0.1 0.876136 -0.035427 -8.679714       245      245        0   0.60           0.5        1.8             True            20 TREND_FIRST  0.45    1.2        0.2         0.8           0.2              0.9          False      0.2     0.65       0.8     US_15_16         15,16            15
C00001_US_15_16_tp20.58_tp1f0.50_sl1.8_high1_t20_d0.45_rr1.20_cp0.20_0.80_md0.20_ap0.90_mg15_tp1cp0.45_be0.10_tr0_td0.20_tp0.65_trr0.80_TREND_FIRST       0.45             0.1 0.873282 -0.036244 -8.879714       245      245        0   0.58           0.5        1.8             True            20 TREND_FIRST  0.45    1.2        0.2         0.8           0.2              0.9          False      0.2     0.65       0.8     US_15_16         15,16            15

[OK] CSV exported: /Users/lolo/PyCharmMiscProject/binance_futures_data_lake/data/research_debug/BTCUSDT/full_201910_202602/mr_v3_train_sweep.csv

=== DIAGNOSTIC (top configs) ===

[C00008_US_15_16_tp20.60_tp1f0.50_sl1.8_high1_t20_d0.50_rr1.20_cp0.20_0.80_md0.20_ap0.90_mg15_tp1cp0.45_be0.20_tr0_td0.20_tp0.65_trr0.80_TREND_FIRST]
n_trades=201 n_range=201 n_trend=0 avg_r=-0.0202 pf=0.9298
TREND(avg_r=0.0000, pf=0.0000) | RANGE(avg_r=-0.0202, pf=0.9298)
R-dist p10=-1.0000 p50=0.0000 p90=0.7407
MR exits SL=37.81% TP=55.72% FLIP=6.47% TIME=0.00%

[C00004_US_15_16_tp20.58_tp1f0.50_sl1.8_high1_t20_d0.50_rr1.20_cp0.20_0.80_md0.20_ap0.90_mg15_tp1cp0.45_be0.20_tr0_td0.20_tp0.65_trr0.80_TREND_FIRST]
n_trades=201 n_range=201 n_trend=0 avg_r=-0.0222 pf=0.9229
TREND(avg_r=0.0000, pf=0.0000) | RANGE(avg_r=-0.0222, pf=0.9229)
R-dist p10=-1.0000 p50=0.0000 p90=0.7407
MR exits SL=35.82% TP=57.71% FLIP=6.47% TIME=0.00%

[C00007_US_15_16_tp20.60_tp1f0.50_sl1.8_high1_t20_d0.50_rr1.20_cp0.20_0.80_md0.20_ap0.90_mg15_tp1cp0.45_be0.10_tr0_td0.20_tp0.65_trr0.80_TREND_FIRST]
n_trades=201 n_range=201 n_trend=0 avg_r=-0.0264 pf=0.9085
TREND(avg_r=0.0000, pf=0.0000) | RANGE(avg_r=-0.0264, pf=0.9085)
R-dist p10=-1.0000 p50=0.0000 p90=0.7407
MR exits SL=37.81% TP=55.72% FLIP=6.47% TIME=0.00%

[C00003_US_15_16_tp20.58_tp1f0.50_sl1.8_high1_t20_d0.50_rr1.20_cp0.20_0.80_md0.20_ap0.90_mg15_tp1cp0.45_be0.10_tr0_td0.20_tp0.65_trr0.80_TREND_FIRST]
n_trades=201 n_range=201 n_trend=0 avg_r=-0.0274 pf=0.9050
TREND(avg_r=0.0000, pf=0.0000) | RANGE(avg_r=-0.0274, pf=0.9050)
R-dist p10=-1.0000 p50=0.0000 p90=0.7407
MR exits SL=35.82% TP=57.71% FLIP=6.47% TIME=0.00%

[C00006_US_15_16_tp20.60_tp1f0.50_sl1.8_high1_t20_d0.45_rr1.20_cp0.20_0.80_md0.20_ap0.90_mg15_tp1cp0.45_be0.20_tr0_td0.20_tp0.65_trr0.80_TREND_FIRST]
n_trades=245 n_range=245 n_trend=0 avg_r=-0.0301 pf=0.8945
TREND(avg_r=0.0000, pf=0.0000) | RANGE(avg_r=-0.0301, pf=0.8945)
R-dist p10=-1.0000 p50=0.0000 p90=0.7732
MR exits SL=35.51% TP=57.55% FLIP=6.94% TIME=0.00%
